SF:C:\Users\x_user\Desktop\cen429-2025-2026-53-binnur-altinisik-cpp\src\tests\travelexpense\travelexpense_test.cpp
DA:50,1
DA:80,1
DA:43,1
DA:36,0
DA:31,0
DA:32,0
DA:100,1
DA:113,1
DA:126,1
DA:147,1
DA:167,1
DA:188,1
DA:199,1
DA:210,1
DA:221,1
DA:233,1
DA:245,1
DA:258,1
DA:272,1
DA:290,1
DA:304,1
DA:319,1
DA:334,1
DA:353,1
DA:368,1
DA:379,1
DA:393,1
DA:411,1
DA:422,1
DA:446,1
DA:474,1
DA:484,1
DA:504,1
DA:527,1
DA:556,1
DA:578,1
DA:607,1
DA:623,1
DA:643,1
DA:662,1
DA:683,1
DA:696,1
DA:710,1
DA:727,1
DA:740,1
DA:758,1
DA:780,1
DA:794,1
DA:824,1
DA:882,1
DA:911,1
DA:987,1
DA:1012,1
DA:1043,1
DA:1071,1
DA:1099,1
DA:1128,1
DA:1145,1
DA:1178,1
DA:1204,1
DA:1256,1
DA:1329,1
DA:1,1
end_of_record
SF:C:\Users\x_user\Desktop\cen429-2025-2026-53-binnur-altinisik-cpp\[generated]
DA:1,0
end_of_record
SF:C:\Users\x_user\Desktop\cen429-2025-2026-53-binnur-altinisik-cpp\README.md
DA:1,0
end_of_record
