SF:C:\Users\x_user\Desktop\cen429-2025-2026-53-binnur-altinisik-cpp\src\tests\travelexpense\travelexpense_test.cpp
DA:50,1
DA:75,1
DA:43,1
DA:36,0
DA:31,0
DA:32,0
DA:95,1
DA:108,1
DA:121,1
DA:141,1
DA:162,1
DA:181,1
DA:192,1
DA:203,1
DA:214,1
DA:226,1
DA:238,1
DA:251,1
DA:265,1
DA:283,1
DA:297,1
DA:311,1
DA:326,1
DA:346,1
DA:361,1
DA:372,1
DA:385,1
DA:402,1
DA:413,1
DA:434,1
DA:458,1
DA:468,1
DA:486,1
DA:507,1
DA:533,1
DA:553,1
DA:579,1
DA:594,1
DA:612,1
DA:629,1
DA:648,1
DA:661,1
DA:674,1
DA:691,1
DA:704,1
DA:721,1
DA:744,1
DA:758,1
DA:786,1
DA:825,1
DA:850,1
DA:886,1
DA:916,1
DA:950,1
DA:977,1
DA:1002,1
DA:1029,1
DA:1046,1
DA:1079,1
DA:1105,1
DA:1148,1
DA:1,1
end_of_record
SF:C:\Users\x_user\Desktop\cen429-2025-2026-53-binnur-altinisik-cpp\[generated]
DA:1,0
end_of_record
SF:C:\Users\x_user\Desktop\cen429-2025-2026-53-binnur-altinisik-cpp\README.md
DA:1,0
end_of_record
