SF:C:\Users\x_user\Desktop\cen429-2025-2026-53-binnur-altinisik-cpp\src\travelexpense\header\assetManager.h
DA:74,1
DA:75,1
DA:76,1
DA:77,1
DA:78,1
DA:79,1
DA:80,1
DA:81,1
DA:82,1
DA:83,1
DA:84,1
DA:85,1
DA:86,1
DA:93,1
DA:73,1
DA:35,1
DA:32,1
DA:49,1
DA:63,1
DA:43,0
DA:1,1
end_of_record
SF:C:\Users\x_user\Desktop\cen429-2025-2026-53-binnur-altinisik-cpp\src\travelexpense\header\commonTypes.h
DA:128,1
DA:129,1
DA:130,1
DA:131,1
DA:132,1
DA:133,1
DA:134,1
DA:135,1
DA:142,1
DA:127,1
DA:99,1
DA:100,1
DA:101,1
DA:102,1
DA:103,1
DA:104,1
DA:105,1
DA:106,1
DA:107,1
DA:114,1
DA:98,1
DA:56,1
DA:57,1
DA:58,1
DA:59,1
DA:60,1
DA:61,1
DA:62,1
DA:63,1
DA:64,1
DA:65,1
DA:66,1
DA:73,1
DA:55,1
DA:31,1
DA:32,1
DA:33,1
DA:34,1
DA:35,1
DA:36,1
DA:37,1
DA:44,1
DA:30,1
DA:87,1
DA:1,1
end_of_record
SF:C:\Users\x_user\Desktop\cen429-2025-2026-53-binnur-altinisik-cpp\src\travelexpense\header\tls.h
DA:129,1
DA:131,1
DA:133,1
DA:135,1
DA:137,1
DA:127,1
DA:45,1
DA:47,1
DA:49,1
DA:51,1
DA:53,1
DA:55,1
DA:43,1
DA:25,1
DA:28,0
DA:1,1
end_of_record
SF:C:\Users\x_user\Desktop\cen429-2025-2026-53-binnur-altinisik-cpp\src\travelexpense\header\migration.h
DA:36,1
DA:37,1
DA:38,1
DA:39,1
DA:40,1
DA:41,1
DA:35,1
DA:23,1
DA:30,0
DA:1,1
end_of_record
SF:C:\Users\x_user\Desktop\cen429-2025-2026-53-binnur-altinisik-cpp\src\travelexpense\header\budgetManager.h
DA:20,1
DA:27,0
DA:1,1
end_of_record
SF:C:\Users\x_user\Desktop\cen429-2025-2026-53-binnur-altinisik-cpp\src\travelexpense\header\codehardening.h
DA:27,1
DA:34,0
DA:334,1
DA:343,1
DA:352,1
DA:366,1
DA:381,1
DA:395,1
DA:1,1
end_of_record
SF:C:\Users\x_user\Desktop\cen429-2025-2026-53-binnur-altinisik-cpp\src\travelexpense\header\database.h
DA:23,1
DA:31,0
DA:1,1
end_of_record
SF:C:\Users\x_user\Desktop\cen429-2025-2026-53-binnur-altinisik-cpp\src\travelexpense\header\encryption.h
DA:21,1
DA:28,0
DA:1,1
end_of_record
SF:C:\Users\x_user\Desktop\cen429-2025-2026-53-binnur-altinisik-cpp\src\travelexpense\header\expenseManager.h
DA:21,1
DA:28,0
DA:1,1
end_of_record
SF:C:\Users\x_user\Desktop\cen429-2025-2026-53-binnur-altinisik-cpp\src\travelexpense\header\fileIO.h
DA:21,1
DA:28,0
DA:1,1
end_of_record
SF:C:\Users\x_user\Desktop\cen429-2025-2026-53-binnur-altinisik-cpp\src\travelexpense\header\fingerprinting.h
DA:25,1
DA:32,0
DA:1,1
end_of_record
SF:C:\Users\x_user\Desktop\cen429-2025-2026-53-binnur-altinisik-cpp\src\travelexpense\header\rasp.h
DA:25,1
DA:109,1
DA:32,0
DA:1,1
end_of_record
SF:C:\Users\x_user\Desktop\cen429-2025-2026-53-binnur-altinisik-cpp\src\travelexpense\header\reportGenerator.h
DA:22,1
DA:29,0
DA:1,1
end_of_record
SF:C:\Users\x_user\Desktop\cen429-2025-2026-53-binnur-altinisik-cpp\src\travelexpense\header\safe_string.h
DA:19,1
DA:39,1
DA:73,1
DA:27,0
DA:1,1
end_of_record
SF:C:\Users\x_user\Desktop\cen429-2025-2026-53-binnur-altinisik-cpp\src\travelexpense\header\security.h
DA:21,1
DA:28,0
DA:1,1
end_of_record
SF:C:\Users\x_user\Desktop\cen429-2025-2026-53-binnur-altinisik-cpp\src\travelexpense\header\sessionManager.h
DA:28,1
DA:36,0
DA:1,1
end_of_record
SF:C:\Users\x_user\Desktop\cen429-2025-2026-53-binnur-altinisik-cpp\src\travelexpense\header\softhsm.h
DA:23,1
DA:33,1
DA:44,1
DA:55,1
DA:26,0
DA:1,1
end_of_record
SF:C:\Users\x_user\Desktop\cen429-2025-2026-53-binnur-altinisik-cpp\src\travelexpense\header\error_codes.h
DA:26,1
DA:1,1
end_of_record
SF:C:\Users\x_user\Desktop\cen429-2025-2026-53-binnur-altinisik-cpp\src\travelexpense\src\helpers.cpp
DA:14,1
DA:33,1
DA:1,1
end_of_record
SF:C:\Users\x_user\Desktop\cen429-2025-2026-53-binnur-altinisik-cpp\src\travelexpense\src\assetManager.cpp
DA:27,1
DA:82,1
DA:140,1
DA:189,1
DA:227,1
DA:279,1
DA:337,1
DA:374,1
DA:412,1
DA:1,1
end_of_record
SF:C:\Users\x_user\Desktop\cen429-2025-2026-53-binnur-altinisik-cpp\src\travelexpense\src\budgetManager.cpp
DA:19,1
DA:73,1
DA:127,1
DA:184,1
DA:1,1
end_of_record
SF:C:\Users\x_user\Desktop\cen429-2025-2026-53-binnur-altinisik-cpp\src\travelexpense\src\codehardening.cpp
DA:60,1
DA:76,1
DA:92,1
DA:108,1
DA:274,0
DA:305,0
DA:306,0
DA:469,1
DA:475,1
DA:110,1
DA:121,1
DA:145,1
DA:161,1
DA:181,1
DA:207,1
DA:236,1
DA:259,1
DA:276,1
DA:288,1
DA:308,1
DA:325,1
DA:345,1
DA:363,1
DA:385,1
DA:404,1
DA:419,1
DA:434,1
DA:449,1
DA:477,1
DA:500,1
DA:522,1
DA:542,1
DA:561,1
DA:583,1
DA:1,1
end_of_record
SF:C:\Users\x_user\Desktop\cen429-2025-2026-53-binnur-altinisik-cpp\src\travelexpense\src\database.cpp
DA:78,1
DA:80,1
DA:107,1
DA:121,1
DA:281,1
DA:293,1
DA:308,1
DA:327,1
DA:46,1
DA:55,1
DA:1,1
end_of_record
SF:C:\Users\x_user\Desktop\cen429-2025-2026-53-binnur-altinisik-cpp\src\travelexpense\src\encryption.cpp
DA:1198,1
DA:1254,1
DA:1267,1
DA:1279,1
DA:1291,1
DA:1301,1
DA:1313,1
DA:1325,1
DA:1337,1
DA:1766,1
DA:1779,1
DA:1801,1
DA:1802,0
DA:207,1
DA:294,1
DA:330,1
DA:361,1
DA:557,1
DA:711,1
DA:812,1
DA:891,1
DA:969,1
DA:1009,1
DA:1029,1
DA:1055,1
DA:1126,1
DA:1549,1
DA:1582,1
DA:1614,1
DA:1680,1
DA:2095,1
DA:2125,1
DA:2154,1
DA:2220,1
DA:401,1
DA:427,1
DA:462,1
DA:613,1
DA:1351,1
DA:1374,1
DA:1395,1
DA:1433,1
DA:1463,1
DA:1505,1
DA:1812,1
DA:1869,1
DA:1903,1
DA:1997,1
DA:40,1
DA:147,1
DA:172,1
DA:73,1
DA:85,1
DA:97,1
DA:107,1
DA:117,1
DA:127,1
DA:137,1
DA:1,1
end_of_record
SF:C:\Users\x_user\Desktop\cen429-2025-2026-53-binnur-altinisik-cpp\src\travelexpense\src\expenseManager.cpp
DA:20,1
DA:69,1
DA:117,1
DA:164,1
DA:199,1
DA:1,1
end_of_record
SF:C:\Users\x_user\Desktop\cen429-2025-2026-53-binnur-altinisik-cpp\src\travelexpense\src\fileIO.cpp
DA:68,1
DA:87,1
DA:101,1
DA:115,1
DA:44,1
DA:53,1
DA:1,1
end_of_record
SF:C:\Users\x_user\Desktop\cen429-2025-2026-53-binnur-altinisik-cpp\src\travelexpense\src\fingerprinting.cpp
DA:45,1
DA:142,1
DA:172,1
DA:215,1
DA:241,1
DA:280,1
DA:306,1
DA:322,1
DA:338,1
DA:1,1
end_of_record
SF:C:\Users\x_user\Desktop\cen429-2025-2026-53-binnur-altinisik-cpp\src\travelexpense\src\migration.cpp
DA:35,1
DA:44,1
DA:86,1
DA:127,1
DA:168,1
DA:209,1
DA:275,1
DA:344,1
DA:410,1
DA:485,1
DA:536,1
DA:510,1
DA:29,0
DA:1,1
end_of_record
SF:C:\Users\x_user\Desktop\cen429-2025-2026-53-binnur-altinisik-cpp\src\travelexpense\src\rasp.cpp
DA:207,1
DA:770,0
DA:213,1
DA:222,1
DA:238,1
DA:265,1
DA:281,1
DA:309,1
DA:340,1
DA:358,1
DA:384,1
DA:394,1
DA:412,1
DA:445,1
DA:606,1
DA:631,1
DA:649,1
DA:689,1
DA:724,1
DA:733,1
DA:751,1
DA:772,1
DA:776,1
DA:810,1
DA:863,1
DA:886,1
DA:893,1
DA:903,1
DA:922,1
DA:926,1
DA:935,1
DA:953,1
DA:1091,1
DA:1070,1
DA:1109,1
DA:1144,1
DA:1151,1
DA:1155,1
DA:136,0
DA:150,0
DA:164,0
DA:179,0
DA:193,0
DA:326,0
DA:882,0
DA:883,0
DA:884,0
DA:1,1
end_of_record
SF:C:\Users\x_user\Desktop\cen429-2025-2026-53-binnur-altinisik-cpp\src\travelexpense\src\reportGenerator.cpp
DA:21,1
DA:61,1
DA:67,1
DA:1,1
end_of_record
SF:C:\Users\x_user\Desktop\cen429-2025-2026-53-binnur-altinisik-cpp\src\travelexpense\src\security.cpp
DA:103,1
DA:152,1
DA:67,1
DA:44,0
DA:35,1
DA:1,1
end_of_record
SF:C:\Users\x_user\Desktop\cen429-2025-2026-53-binnur-altinisik-cpp\src\travelexpense\src\sessionManager.cpp
DA:41,1
DA:54,1
DA:96,1
DA:129,1
DA:198,1
DA:210,1
DA:246,1
DA:279,1
DA:305,1
DA:320,1
DA:346,1
DA:380,1
DA:1,1
end_of_record
SF:C:\Users\x_user\Desktop\cen429-2025-2026-53-binnur-altinisik-cpp\src\travelexpense\src\softhsm.cpp
DA:77,0
DA:86,1
DA:88,1
DA:90,1
DA:92,1
DA:94,1
DA:96,1
DA:98,1
DA:280,1
DA:331,1
DA:367,1
DA:386,1
DA:415,1
DA:528,1
DA:558,1
DA:1382,1
DA:771,1
DA:828,1
DA:865,1
DA:957,1
DA:1049,1
DA:1128,1
DA:1195,1
DA:1219,1
DA:1292,1
DA:111,1
DA:165,1
DA:220,1
DA:17,0
DA:44,0
DA:65,0
DA:66,0
DA:67,0
DA:68,0
DA:69,0
DA:41,1
DA:1,1
end_of_record
SF:C:\Users\x_user\Desktop\cen429-2025-2026-53-binnur-altinisik-cpp\src\travelexpense\src\tls.cpp
DA:33,0
DA:34,0
DA:40,1
DA:62,1
DA:86,1
DA:116,1
DA:131,1
DA:144,1
DA:168,1
DA:180,1
DA:241,1
DA:268,1
DA:307,1
DA:329,1
DA:347,1
DA:370,1
DA:379,1
DA:1,1
end_of_record
SF:C:\Users\x_user\Desktop\cen429-2025-2026-53-binnur-altinisik-cpp\src\travelexpense\src\tripManager.cpp
DA:20,1
DA:72,1
DA:124,1
DA:175,1
DA:210,1
DA:1,1
end_of_record
SF:C:\Users\x_user\Desktop\cen429-2025-2026-53-binnur-altinisik-cpp\src\travelexpense\header\tripManager.h
DA:28,0
DA:21,1
DA:1,1
end_of_record
SF:C:\Users\x_user\Desktop\cen429-2025-2026-53-binnur-altinisik-cpp\src\travelexpense\src\userAuth.cpp
DA:23,0
DA:25,1
DA:115,1
DA:236,1
DA:249,1
DA:256,1
DA:260,1
DA:1,1
end_of_record
SF:C:\Users\x_user\Desktop\cen429-2025-2026-53-binnur-altinisik-cpp\src\travelexpense\header\userAuth.h
DA:27,0
DA:20,1
DA:1,1
end_of_record
SF:C:\Users\x_user\Desktop\cen429-2025-2026-53-binnur-altinisik-cpp\README.md
DA:1,0
end_of_record
SF:C:\Users\x_user\Desktop\cen429-2025-2026-53-binnur-altinisik-cpp\src\travelexpense\header\export.h
DA:30,1
DA:40,1
DA:1,1
end_of_record
SF:C:\Users\x_user\Desktop\cen429-2025-2026-53-binnur-altinisik-cpp\src\travelexpense\header\helpers.h
DA:1,1
end_of_record
SF:C:\Users\x_user\Desktop\cen429-2025-2026-53-binnur-altinisik-cpp\src\travelexpense\header\travelexpense.h
DA:1,1
end_of_record
SF:C:\Users\x_user\Desktop\cen429-2025-2026-53-binnur-altinisik-cpp\src\travelexpense\src\travelexpense.cpp
DA:1,1
end_of_record
